\BOOKMARK [1][-]{section*.1}{Contact Information}{}
\BOOKMARK [1][-]{section*.2}{Objective}{}
\BOOKMARK [1][-]{section*.3}{Security Clearance}{}
\BOOKMARK [1][-]{section*.4}{Citizenship}{}
\BOOKMARK [1][-]{section*.5}{Research Interests}{}
\BOOKMARK [1][-]{section*.6}{Education}{}
\BOOKMARK [1][-]{section*.7}{Academic Appointments}{}
\BOOKMARK [1][-]{section*.8}{RefereedJournalPublications}{}
\BOOKMARK [1][-]{section*.9}{SubmittedJournalPublications}{}
\BOOKMARK [1][-]{section*.10}{ConferencePublications}{}
\BOOKMARK [1][-]{section*.11}{OtherPublications}{}
\BOOKMARK [1][-]{section*.12}{Books in Preparation}{}
\BOOKMARK [1][-]{section*.13}{Papers in Preparation}{}
\BOOKMARK [1][-]{section*.14}{Referee Service}{}
\BOOKMARK [1][-]{section*.15}{Awards}{}
\BOOKMARK [1][-]{section*.16}{Teaching Experience}{}
\BOOKMARK [1][-]{section*.17}{Professional Experience}{}
\BOOKMARK [1][-]{section*.18}{Service}{}
\BOOKMARK [1][-]{section*.19}{Technical Skills}{}
\BOOKMARK [1][-]{section*.20}{Mathematical Expertise}{}
\BOOKMARK [1][-]{section*.21}{Engineering Expertise}{}
\BOOKMARK [1][-]{section*.22}{Comp. Sci. Expertise}{}
\BOOKMARK [1][-]{section*.23}{Biological Expertise}{}
\BOOKMARK [1][-]{section*.24}{Application Areas}{}
\BOOKMARK [1][-]{section*.25}{References Available to Contact}{}
