This is pdfTeX, Version 3.141592-1.40.4 (MiKTeX 2.6) (preloaded format=pdflatex 2007.8.22)  30 AUG 2007 09:59
entering extended mode
**D:/Etudes/ENS/Master*M1/Séjour*à*l'étranger/CV*LateX/cv_en.tex
("D:\Etudes\ENS\Master M1\Séjour à l'étranger\CV LateX\cv_en.tex"
LaTeX2e <2005/12/01>
Babel <v3.8g> and hyphenation patterns for english, dumylang, nohyphenation, ge
rman, ngerman, french, loaded.
(cv.cls
Document Class: cv 
("C:\Program Files\MiKTeX 2.6\tex\latex\base\article.cls"
Document Class: article 2005/09/16 v1.4f Standard LaTeX document class
("C:\Program Files\MiKTeX 2.6\tex\latex\base\size11.clo"
File: size11.clo 2005/09/16 v1.4f Standard LaTeX file (size option)
)
\c@part=\count79
\c@section=\count80
\c@subsection=\count81
\c@subsubsection=\count82
\c@paragraph=\count83
\c@subparagraph=\count84
\c@figure=\count85
\c@table=\count86
\abovecaptionskip=\skip41
\belowcaptionskip=\skip42
\bibindent=\dimen102
)
("C:\Program Files\MiKTeX 2.6\tex\latex\carlisle\ltxtable.sty"
Package: ltxtable 1995/12/11 v0.2 longtable/tabularx merge (DPC)

("C:\Program Files\MiKTeX 2.6\tex\latex\tools\tabularx.sty"
Package: tabularx 1999/01/07 v2.07 `tabularx' package (DPC)

("C:\Program Files\MiKTeX 2.6\tex\latex\tools\array.sty"
Package: array 2005/08/23 v2.4b Tabular extension package (FMi)
\col@sep=\dimen103
\extrarowheight=\dimen104
\NC@list=\toks14
\extratabsurround=\skip43
\backup@length=\skip44
)
\TX@col@width=\dimen105
\TX@old@table=\dimen106
\TX@old@col=\dimen107
\TX@target=\dimen108
\TX@delta=\dimen109
\TX@cols=\count87
\TX@ftn=\toks15
)
("C:\Program Files\MiKTeX 2.6\tex\latex\tools\longtable.sty"
Package: longtable 2004/02/01 v4.11 Multi-page Table package (DPC)
\LTleft=\skip45
\LTright=\skip46
\LTpre=\skip47
\LTpost=\skip48
\LTchunksize=\count88
\LTcapwidth=\dimen110
\LT@head=\box26
\LT@firsthead=\box27
\LT@foot=\box28
\LT@lastfoot=\box29
\LT@cols=\count89
\LT@rows=\count90
\c@LT@tables=\count91
\c@LT@chunks=\count92
\LT@p@ftn=\toks16
))
("C:\Program Files\MiKTeX 2.6\tex\latex\base\ifthen.sty"
Package: ifthen 2001/05/26 v1.1c Standard LaTeX ifthen package (DPC)
)
("C:\Program Files\MiKTeX 2.6\tex\latex\graphics\color.sty"
Package: color 2005/11/14 v1.0j Standard LaTeX Color (DPC)

("C:\Program Files\MiKTeX 2.6\tex\latex\00miktex\color.cfg"
File: color.cfg 2007/01/18 v1.5 color configuration of teTeX/TeXLive
)
Package color Info: Driver file: pdftex.def on input line 130.

("C:\Program Files\MiKTeX 2.6\tex\latex\graphics\pdftex.def"
File: pdftex.def 2007/04/17 v0.04g Graphics/color for pdfTeX
\Gread@gobject=\count93
))
("C:\Program Files\MiKTeX 2.6\tex\latex\hyperref\hyperref.sty"
Package: hyperref 2007/06/14 v6.76i Hypertext links for LaTeX

("C:\Program Files\MiKTeX 2.6\tex\latex\graphics\keyval.sty"
Package: keyval 1999/03/16 v1.13 key=value parser (DPC)
\KV@toks@=\toks17
)
("C:\Program Files\MiKTeX 2.6\tex\latex\oberdiek\hycolor.sty"
Package: hycolor 2007/04/11 v1.1 Code for color options of hyperref/bookmark (H
O)
)
\@linkdim=\dimen111
\Hy@linkcounter=\count94
\Hy@pagecounter=\count95

("C:\Program Files\MiKTeX 2.6\tex\latex\hyperref\pd1enc.def"
File: pd1enc.def 2007/06/14 v6.76i Hyperref: PDFDocEncoding definition (HO)
)
("C:\Program Files\MiKTeX 2.6\tex\generic\oberdiek\etexcmds.sty"
Package: etexcmds 2007/05/06 v1.0 Providing prefix for e-TeX command names (HO)


("C:\Program Files\MiKTeX 2.6\tex\generic\oberdiek\infwarerr.sty"
Package: infwarerr 2007/06/14 v1.1 Providing info/warning/message (HO)
))
("C:\Program Files\MiKTeX 2.6\tex\latex\00miktex\hyperref.cfg"
File: hyperref.cfg 2002/06/06 v1.2 hyperref configuration of TeXLive
)
("C:\Program Files\MiKTeX 2.6\tex\latex\oberdiek\kvoptions.sty"
Package: kvoptions 2007/06/11 v2.7 Connects package keyval with LaTeX options (
HO)
)
Package hyperref Info: Option `bookmarks' set `false' on input line 2537.
Package hyperref Info: Option `colorlinks' set `true' on input line 2537.
Package hyperref Info: Option `breaklinks' set `true' on input line 2537.
Package hyperref Info: Hyper figures OFF on input line 2571.
Package hyperref Info: Link nesting OFF on input line 2576.
Package hyperref Info: Hyper index ON on input line 2579.
Package hyperref Info: Plain pages OFF on input line 2586.
Package hyperref Info: Backreferencing OFF on input line 2591.

Implicit mode ON; LaTeX internals redefined
Package hyperref Info: Bookmarks OFF on input line 2747.
("C:\Program Files\MiKTeX 2.6\tex\latex\ltxmisc\url.sty"
\Urlmuskip=\muskip10
Package: url 2005/06/27  ver 3.2  Verb mode for urls, etc.
)
LaTeX Info: Redefining \url on input line 2909.
\Fld@menulength=\count96
\Field@Width=\dimen112
\Fld@charsize=\dimen113
\Choice@toks=\toks18
\Field@toks=\toks19
Package hyperref Info: Hyper figures OFF on input line 3393.
Package hyperref Info: Link nesting OFF on input line 3398.
Package hyperref Info: Hyper index ON on input line 3401.
Package hyperref Info: backreferencing OFF on input line 3408.
Package hyperref Info: Link coloring ON on input line 3411.
\Hy@abspage=\count97
\c@Item=\count98
)
*hyperref using driver hpdftex*
("C:\Program Files\MiKTeX 2.6\tex\latex\hyperref\hpdftex.def"
File: hpdftex.def 2007/06/14 v6.76i Hyperref driver for pdfTeX
\Fld@listcount=\count99
)
("C:\Program Files\MiKTeX 2.6\tex\latex\geometry\geometry.sty"
Package: geometry 2002/07/08 v3.2 Page Geometry
\Gm@cnth=\count100
\Gm@cntv=\count101
\c@Gm@tempcnt=\count102
\Gm@bindingoffset=\dimen114
\Gm@wd@mp=\dimen115
\Gm@odd@mp=\dimen116
\Gm@even@mp=\dimen117
\Gm@dimlist=\toks20

("C:\Program Files\MiKTeX 2.6\tex\latex\geometry\geometry.cfg"))
("C:\Program Files\MiKTeX 2.6\tex\latex\graphics\graphicx.sty"
Package: graphicx 1999/02/16 v1.0f Enhanced LaTeX Graphics (DPC,SPQR)

("C:\Program Files\MiKTeX 2.6\tex\latex\graphics\graphics.sty"
Package: graphics 2006/02/20 v1.0o Standard LaTeX Graphics (DPC,SPQR)

("C:\Program Files\MiKTeX 2.6\tex\latex\graphics\trig.sty"
Package: trig 1999/03/16 v1.09 sin cos tan (DPC)
)
("C:\Program Files\MiKTeX 2.6\tex\latex\00miktex\graphics.cfg"
File: graphics.cfg 2007/01/18 v1.5 graphics configuration of teTeX/TeXLive
)
Package graphics Info: Driver file: pdftex.def on input line 90.
)
\Gin@req@height=\dimen118
\Gin@req@width=\dimen119
)
\colwidth=\skip49
\scolwidth=\skip50
\mcolwidth=\skip51
\cmedskip=\skip52
\sbigskip=\skip53
\smedskip=\skip54
\ssmallskip=\skip55
)
("C:\Program Files\MiKTeX 2.6\tex\generic\babel\babel.sty"
Package: babel 2005/05/21 v3.8g The Babel package

*************************************
* Local config file bblopts.cfg used
*
("C:\Program Files\MiKTeX 2.6\tex\latex\00miktex\bblopts.cfg"
File: bblopts.cfg 2006/07/31 v1.0 MiKTeX 'babel' configuration
)
("C:\Program Files\MiKTeX 2.6\tex\generic\babel\english.ldf"
Language: english 2005/03/30 v3.3o English support from the babel system

("C:\Program Files\MiKTeX 2.6\tex\generic\babel\babel.def"
File: babel.def 2005/05/21 v3.8g Babel common definitions
\babel@savecnt=\count103
\U@D=\dimen120
)
\l@british = a dialect from \language\l@english 
\l@UKenglish = a dialect from \language\l@english 
\l@canadian = a dialect from \language\l@american 
\l@australian = a dialect from \language\l@british 
\l@newzealand = a dialect from \language\l@british 
))
("C:\Program Files\MiKTeX 2.6\tex\latex\base\inputenc.sty"
Package: inputenc 2006/05/05 v1.1b Input encoding file
\inpenc@prehook=\toks21
\inpenc@posthook=\toks22

("C:\Program Files\MiKTeX 2.6\tex\latex\base\latin1.def"
File: latin1.def 2006/05/05 v1.1b Input encoding file
))
("C:\Program Files\MiKTeX 2.6\tex\latex\base\fontenc.sty"
Package: fontenc 2005/09/27 v1.99g Standard LaTeX package

("C:\Program Files\MiKTeX 2.6\tex\latex\base\t1enc.def"
File: t1enc.def 2005/09/27 v1.99g Standard LaTeX file
LaTeX Font Info:    Redeclaring font encoding T1 on input line 43.
)) (cv_en.aux)
LaTeX Font Info:    Checking defaults for OML/cmm/m/it on input line 45.
LaTeX Font Info:    ... okay on input line 45.
LaTeX Font Info:    Checking defaults for T1/cmr/m/n on input line 45.
LaTeX Font Info:    ... okay on input line 45.
LaTeX Font Info:    Checking defaults for OT1/cmr/m/n on input line 45.
LaTeX Font Info:    ... okay on input line 45.
LaTeX Font Info:    Checking defaults for OMS/cmsy/m/n on input line 45.
LaTeX Font Info:    ... okay on input line 45.
LaTeX Font Info:    Checking defaults for OMX/cmex/m/n on input line 45.
LaTeX Font Info:    ... okay on input line 45.
LaTeX Font Info:    Checking defaults for U/cmr/m/n on input line 45.
LaTeX Font Info:    ... okay on input line 45.
LaTeX Font Info:    Checking defaults for PD1/pdf/m/n on input line 45.
LaTeX Font Info:    ... okay on input line 45.

("C:\Program Files\MiKTeX 2.6\tex\context\base\supp-pdf.tex"
[Loading MPS to PDF converter (version 2006.09.02).]
\scratchcounter=\count104
\scratchdimen=\dimen121
\scratchbox=\box30
\nofMPsegments=\count105
\nofMParguments=\count106
\MPscratchCnt=\count107
\MPscratchDim=\dimen122
\MPnumerator=\count108
\everyMPtoPDFconversion=\toks23
)
Package hyperref Info: Link coloring ON on input line 45.
 ("C:\Program Files\MiKTeX 2.6\tex\latex\hyperref\nameref.sty"
Package: nameref 2007/05/29 v2.31 Cross-referencing by name of section

("C:\Program Files\MiKTeX 2.6\tex\latex\oberdiek\refcount.sty"
Package: refcount 2006/02/20 v3.0 Data extraction from references (HO)
)
\c@section@level=\count109
)
LaTeX Info: Redefining \ref on input line 45.
LaTeX Info: Redefining \pageref on input line 45.
-------------------- Geometry parameters
paper: a4paper
landscape: --
twocolumn: --
twoside: --
asymmetric: --
h-parts: 65.44142pt, 466.62503pt, 65.44142pt
v-parts: 71.13188pt, 702.78308pt, 71.13188pt
hmarginratio: --
vmarginratio: --
lines: --
heightrounded: --
bindingoffset: 0.0pt
truedimen: --
includehead: --
includefoot: --
includemp: --
driver: pdftex
-------------------- Page layout dimensions and switches
\paperwidth  597.50787pt
\paperheight 845.04684pt
\textwidth  466.62503pt
\textheight 702.78308pt
\oddsidemargin  -6.82857pt
\evensidemargin -6.82857pt
\topmargin  -38.1381pt
\headheight 12.0pt
\headsep    25.0pt
\footskip   30.0pt
\marginparwidth 50.0pt
\marginparsep   10.0pt
\columnsep  10.0pt
\skip\footins  10.0pt plus 4.0pt minus 2.0pt
\hoffset 0.0pt
\voffset 0.0pt
\mag 1000

(1in=72.27pt, 1cm=28.45pt)
-----------------------
LaTeX Font Info:    External font `cmex10' loaded for size
(Font)              <10.95> on input line 67.
LaTeX Font Info:    External font `cmex10' loaded for size
(Font)              <8> on input line 67.
LaTeX Font Info:    External font `cmex10' loaded for size
(Font)              <6> on input line 67.

<Photo.jpg, id=8, 281.05pt x 351.3125pt>
File: Photo.jpg Graphic file (type jpg)
 <use Photo.jpg> [1

{psfonts.map} <Photo.jpg>] [2] (cv_en.aux) ) 
Here is how much of TeX's memory you used:
 4334 strings out of 95295
 55638 string characters out of 1184859
 124359 words of memory out of 1121915
 7351 multiletter control sequences out of 60000
 11520 words of font info for 30 fonts, out of 1000000 for 2000
 14 hyphenation exceptions out of 8191
 35i,6n,28p,307b,460s stack positions out of 5000i,500n,10000p,200000b,32768s
{cm-super-t1.enc}<C:/Program Files/
MiKTeX 2.6/fonts/type1/bluesky/cm/cmmi10.pfb><C:/Program Files/MiKTeX 2.6/fonts
/type1/bluesky/cm/cmsy10.pfb><C:/Program Files/MiKTeX 2.6/fonts/type1/public/cm
-super/sfbx1095.pfb><C:/Program Files/MiKTeX 2.6/fonts/type1/public/cm-super/sf
bx1200.pfb><C:/Program Files/MiKTeX 2.6/fonts/type1/public/cm-super/sfcc1095.pf
b><C:/Program Files/MiKTeX 2.6/fonts/type1/public/cm-super/sfrm1095.pfb><C:/Pro
gram Files/MiKTeX 2.6/fonts/type1/public/cm-super/sfrm1200.pfb><C:/Program File
s/MiKTeX 2.6/fonts/type1/public/cm-super/sfti1095.pfb><C:/Program Files/MiKTeX 
2.6/fonts/type1/public/cm-super/sfti1200.pfb>
Output written on cv_en.pdf (2 pages, 183193 bytes).
PDF statistics:
 74 PDF objects out of 300000 (max. 8388607)
 9 named destinations out of 300000 (max. 131072)
 22 words of extra memory for PDF output out of 65536 (max. 10000000)

